[2023-06-13 00:04:47] INFO root fetch - main [MainThread]: Get Changelog since Serial: [18475131]
[2023-06-13 00:04:52] INFO root fetch - main [MainThread]: Found 10 changed packages
[2023-06-13 00:04:52] INFO root fetch - processPackages [ThreadPoolExecutor-0_0]: Start processing: coastseg
[2023-06-13 00:04:52] INFO root fetch - processPackages [ThreadPoolExecutor-0_1]: Start processing: SAMYOL
[2023-06-13 00:04:52] INFO root fetch - processPackages [ThreadPoolExecutor-0_2]: Start processing: ob-metaflow-extensions
[2023-06-13 00:04:52] INFO root fetch - processPackages [ThreadPoolExecutor-0_3]: Start processing: chiapos
[2023-06-13 00:04:52] INFO root fetch - processPackages [ThreadPoolExecutor-0_4]: Start processing: azdsdr
[2023-06-13 00:04:52] INFO root fetch - processPackages [ThreadPoolExecutor-0_5]: Start processing: filelock
[2023-06-13 00:04:52] INFO root fetch - processPackages [ThreadPoolExecutor-0_6]: Start processing: gdshoplib
[2023-06-13 00:04:52] INFO root fetch - processPackages [ThreadPoolExecutor-0_7]: Start processing: mypackagez123g
[2023-06-13 00:04:52] INFO root fetch - processPackages [ThreadPoolExecutor-0_8]: Start processing: mpipartition
[2023-06-13 00:04:52] INFO root fetch - processPackages [ThreadPoolExecutor-0_9]: Start processing: dataset-grouper
[2023-06-13 00:04:52] INFO root fetch - processPackages [azdsdr]: New version: [1.230612.2] Old Version: [1.230505.2]
[2023-06-13 00:04:52] INFO root fetch - processPackages [ob-metaflow-extensions]: New version: [1.1.9rc1] Old Version: [1.1.9rc0]
[2023-06-13 00:04:52] INFO root fetch - processPackages [gdshoplib]: New version: [1.9.0] Old Version: [1.8.0]
[2023-06-13 00:04:52] WARNING root fetch - processPackages [dataset-grouper]: Skipping, unable to determine old version
[2023-06-13 00:04:52] INFO root fetch - processPackages [SAMYOL]: New version: [1.0.9] Old Version: [1.0.8]
[2023-06-13 00:04:52] INFO root fetch - main [MainThread]: End processing [dataset-grouper] error
[2023-06-13 00:04:53] INFO root fetch - processPackages [mypackagez123g]: New version: [1.1.0] Old Version: [1.0.4]
[2023-06-13 00:04:53] INFO root fetch - processPackages [filelock]: New version: [3.9.1] Old Version: [3.9.0]
[2023-06-13 00:04:53] INFO root fetch - processPackages [coastseg]: New version: [0.0.9] Old Version: [0.0.8]
[2023-06-13 00:04:53] INFO root fetch - processPackages [mpipartition]: New version: [1.1.0] Old Version: [1.0.5]
[2023-06-13 00:04:53] INFO root fetch - processPackages [chiapos]: New version: [1.0.9] Old Version: [1.0.8]
[2023-06-13 00:04:53] INFO root fetch - processPackages [gdshoplib]: Downloading https://files.pythonhosted.org/packages/73/0b/7f0c190c94d6d643bd6926117358a01049ebdfb799d6b257c6ea1e1753bc/gdshoplib-1.8.0.tar.gz
[2023-06-13 00:04:53] INFO root fetch - processPackages [SAMYOL]: Downloading https://files.pythonhosted.org/packages/ec/51/24cf71b3cc30723ce16c43ad396ee62802fec4a1b481b3d47d28f13f5230/SAMYOL-1.0.8.tar.gz
[2023-06-13 00:04:53] INFO root fetch - processPackages [mypackagez123g]: Downloading https://files.pythonhosted.org/packages/c9/5a/12f7d1cc986c74651d2e39417dae44ff3fda6dfa369ba465f36896d6f213/mypackagez123g-1.0.4.tar.gz
[2023-06-13 00:04:53] INFO root fetch - processPackages [azdsdr]: Downloading https://files.pythonhosted.org/packages/0e/2c/7e62ad71544571ea373d552b89b91346679577f6e4e32f2982770100c4a7/azdsdr-1.230505.2.tar.gz
[2023-06-13 00:04:53] INFO root fetch - processPackages [gdshoplib]: Downloading https://files.pythonhosted.org/packages/48/91/d657572826a5d41e3284ecce0fb4393bf35e0c761799a04d0d8397113ce7/gdshoplib-1.9.0.tar.gz
[2023-06-13 00:04:53] INFO root fetch - processPackages [filelock]: Downloading https://files.pythonhosted.org/packages/0b/dc/eac02350f06c6ed78a655ceb04047df01b02c6b7ea3fc02d4df24ca87d24/filelock-3.9.0.tar.gz
[2023-06-13 00:04:53] INFO root fetch - processPackages [coastseg]: Downloading https://files.pythonhosted.org/packages/75/3b/19efffac60ef69a861417a37a370dc3f3a497cb93009fe8fff8dda38b476/coastseg-0.0.8.tar.gz
[2023-06-13 00:04:53] INFO root fetch - processPackages [ob-metaflow-extensions]: Downloading https://files.pythonhosted.org/packages/f6/24/4fdd704647ebdded38ac1efc2b8dba106c9ab672518ddbb9b1dd783862e9/ob-metaflow-extensions-1.1.9rc0.tar.gz
[2023-06-13 00:04:53] INFO root fetch - processPackages [mpipartition]: Downloading https://files.pythonhosted.org/packages/e5/88/c7164dc90499f91f3144b71078795471e77e383021c0260d89c6c615020c/mpipartition-1.0.5.tar.gz
[2023-06-13 00:04:53] INFO root fetch - processPackages [chiapos]: Downloading https://files.pythonhosted.org/packages/3a/6b/829161105128be69efdce127be57aea1c28105d76c5c30a1c753caed0a4d/chiapos-1.0.8.tar.gz
[2023-06-13 00:04:53] INFO root fetch - processPackages [SAMYOL]: Downloading https://files.pythonhosted.org/packages/3a/f4/364a9412e84c61b12819d8285ab5c819b39ad5d2a6c686adbd377df2013b/SAMYOL-1.0.9.tar.gz
[2023-06-13 00:04:53] INFO root fetch - processPackages [gdshoplib]: executing diffoscope
[2023-06-13 00:04:53] INFO root fetch - processPackages [gdshoplib]: podman run --user 0:0 --rm -w /home/abi/fetcher -v /home/abi/fetcher/tmp:/home/abi/fetcher/tmp:ro -v /home/abi/fetcher/20230613:/home/abi/fetcher/20230613:rw registry.salsa.debian.org/reproducible-builds/diffoscope --no-progress tmp/gdshoplib-1.8.0.tar.gz tmp/gdshoplib-1.9.0.tar.gz --markdown 20230613/g/gdshoplib/1.8.0-1.9.0/diff.md --exclude *.pyd
[2023-06-13 00:04:53] INFO root fetch - processPackages [mypackagez123g]: Downloading https://files.pythonhosted.org/packages/0f/a7/f74e0fd91a20a2f24ca36f842fde6321d9eefcba0d0b66c4bdd285b89b70/mypackagez123g-1.1.0.tar.gz
[2023-06-13 00:04:53] WARNING root fetch - processPackages [coastseg]: Skipping package: exceeds size limit 38421077>=10485760
[2023-06-13 00:04:53] INFO root fetch - main [MainThread]: End processing [coastseg] error
[2023-06-13 00:04:53] INFO root fetch - processPackages [SAMYOL]: executing diffoscope
[2023-06-13 00:04:53] INFO root fetch - processPackages [SAMYOL]: podman run --user 0:0 --rm -w /home/abi/fetcher -v /home/abi/fetcher/tmp:/home/abi/fetcher/tmp:ro -v /home/abi/fetcher/20230613:/home/abi/fetcher/20230613:rw registry.salsa.debian.org/reproducible-builds/diffoscope --no-progress tmp/SAMYOL-1.0.8.tar.gz tmp/SAMYOL-1.0.9.tar.gz --markdown 20230613/S/SAMYOL/1.0.8-1.0.9/diff.md --exclude *.pyd
[2023-06-13 00:04:53] INFO root fetch - processPackages [mypackagez123g]: executing diffoscope
[2023-06-13 00:04:53] INFO root fetch - processPackages [mypackagez123g]: podman run --user 0:0 --rm -w /home/abi/fetcher -v /home/abi/fetcher/tmp:/home/abi/fetcher/tmp:ro -v /home/abi/fetcher/20230613:/home/abi/fetcher/20230613:rw registry.salsa.debian.org/reproducible-builds/diffoscope --no-progress tmp/mypackagez123g-1.0.4.tar.gz tmp/mypackagez123g-1.1.0.tar.gz --markdown 20230613/m/mypackagez123g/1.0.4-1.1.0/diff.md --exclude *.pyd
[2023-06-13 00:04:53] INFO root fetch - processPackages [filelock]: Downloading https://files.pythonhosted.org/packages/26/25/b1afa817675554ee17f392cae6a5783307448bd8f26d677449b9b8bbab20/filelock-3.9.1.tar.gz
[2023-06-13 00:04:53] INFO root fetch - processPackages [azdsdr]: Downloading https://files.pythonhosted.org/packages/67/8b/8022d001ddec2df84e08b8f50d86b622a37e2a6673491a0f894c1e1db8c1/azdsdr-1.230612.2.tar.gz
[2023-06-13 00:04:53] INFO root fetch - processPackages [filelock]: executing diffoscope
[2023-06-13 00:04:53] INFO root fetch - processPackages [filelock]: podman run --user 0:0 --rm -w /home/abi/fetcher -v /home/abi/fetcher/tmp:/home/abi/fetcher/tmp:ro -v /home/abi/fetcher/20230613:/home/abi/fetcher/20230613:rw registry.salsa.debian.org/reproducible-builds/diffoscope --no-progress tmp/filelock-3.9.0.tar.gz tmp/filelock-3.9.1.tar.gz --markdown 20230613/f/filelock/3.9.0-3.9.1/diff.md --exclude *.pyd
[2023-06-13 00:04:53] INFO root fetch - processPackages [azdsdr]: executing diffoscope
[2023-06-13 00:04:53] INFO root fetch - processPackages [azdsdr]: podman run --user 0:0 --rm -w /home/abi/fetcher -v /home/abi/fetcher/tmp:/home/abi/fetcher/tmp:ro -v /home/abi/fetcher/20230613:/home/abi/fetcher/20230613:rw registry.salsa.debian.org/reproducible-builds/diffoscope --no-progress tmp/azdsdr-1.230505.2.tar.gz tmp/azdsdr-1.230612.2.tar.gz --markdown 20230613/a/azdsdr/1.230505.2-1.230612.2/diff.md --exclude *.pyd
[2023-06-13 00:04:53] INFO root fetch - processPackages [mpipartition]: Downloading https://files.pythonhosted.org/packages/70/e1/af49c5e2cfd597265b6fa4b540e8eaa7d7360fb5447ffa6b88b517d798ba/mpipartition-1.1.0.tar.gz
[2023-06-13 00:04:53] INFO root fetch - processPackages [ob-metaflow-extensions]: Downloading https://files.pythonhosted.org/packages/13/fa/f6774ac8df2d55f441049045a0ed08e5ff1eef840d3cc15235e8a9411f42/ob-metaflow-extensions-1.1.9rc1.tar.gz
[2023-06-13 00:04:53] INFO root fetch - processPackages [mpipartition]: executing diffoscope
[2023-06-13 00:04:53] INFO root fetch - processPackages [mpipartition]: podman run --user 0:0 --rm -w /home/abi/fetcher -v /home/abi/fetcher/tmp:/home/abi/fetcher/tmp:ro -v /home/abi/fetcher/20230613:/home/abi/fetcher/20230613:rw registry.salsa.debian.org/reproducible-builds/diffoscope --no-progress tmp/mpipartition-1.0.5.tar.gz tmp/mpipartition-1.1.0.tar.gz --markdown 20230613/m/mpipartition/1.0.5-1.1.0/diff.md --exclude *.pyd
[2023-06-13 00:04:53] INFO root fetch - processPackages [ob-metaflow-extensions]: executing diffoscope
[2023-06-13 00:04:53] INFO root fetch - processPackages [ob-metaflow-extensions]: podman run --user 0:0 --rm -w /home/abi/fetcher -v /home/abi/fetcher/tmp:/home/abi/fetcher/tmp:ro -v /home/abi/fetcher/20230613:/home/abi/fetcher/20230613:rw registry.salsa.debian.org/reproducible-builds/diffoscope --no-progress tmp/ob-metaflow-extensions-1.1.9rc0.tar.gz tmp/ob-metaflow-extensions-1.1.9rc1.tar.gz --markdown 20230613/o/ob-metaflow-extensions/1.1.9rc0-1.1.9rc1/diff.md --exclude *.pyd
[2023-06-13 00:04:54] INFO root fetch - processPackages [chiapos]: Downloading https://files.pythonhosted.org/packages/27/b5/cfc684a398db3c4d671b2baf9749cd589978252a04749962e1f1b1fae313/chiapos-1.0.9.tar.gz
[2023-06-13 00:04:54] INFO root fetch - processPackages [chiapos]: executing diffoscope
[2023-06-13 00:04:54] INFO root fetch - processPackages [chiapos]: podman run --user 0:0 --rm -w /home/abi/fetcher -v /home/abi/fetcher/tmp:/home/abi/fetcher/tmp:ro -v /home/abi/fetcher/20230613:/home/abi/fetcher/20230613:rw registry.salsa.debian.org/reproducible-builds/diffoscope --no-progress tmp/chiapos-1.0.8.tar.gz tmp/chiapos-1.0.9.tar.gz --markdown 20230613/c/chiapos/1.0.8-1.0.9/diff.md --exclude *.pyd
[2023-06-13 00:04:54] INFO root fetch - processPackages [mypackagez123g]: Remove: archive file [/home/abi/fetcher/tmp/mypackagez123g-1.0.4.tar.gz]
[2023-06-13 00:04:54] INFO root fetch - processPackages [mypackagez123g]: Remove: archive file [/home/abi/fetcher/tmp/mypackagez123g-1.1.0.tar.gz]
[2023-06-13 00:04:54] INFO root fetch - main [MainThread]: End processing [mypackagez123g]: success
[2023-06-13 00:04:54] INFO root fetch - processPackages [azdsdr]: Remove: archive file [/home/abi/fetcher/tmp/azdsdr-1.230505.2.tar.gz]
[2023-06-13 00:04:54] INFO root fetch - processPackages [azdsdr]: Remove: archive file [/home/abi/fetcher/tmp/azdsdr-1.230612.2.tar.gz]
[2023-06-13 00:04:54] INFO root fetch - main [MainThread]: End processing [azdsdr]: success
[2023-06-13 00:04:54] INFO root fetch - processPackages [filelock]: Remove: archive file [/home/abi/fetcher/tmp/filelock-3.9.0.tar.gz]
[2023-06-13 00:04:54] INFO root fetch - processPackages [filelock]: Remove: archive file [/home/abi/fetcher/tmp/filelock-3.9.1.tar.gz]
[2023-06-13 00:04:54] INFO root fetch - main [MainThread]: End processing [filelock]: success
[2023-06-13 00:04:54] INFO root fetch - processPackages [mpipartition]: Remove: archive file [/home/abi/fetcher/tmp/mpipartition-1.0.5.tar.gz]
[2023-06-13 00:04:54] INFO root fetch - processPackages [mpipartition]: Remove: archive file [/home/abi/fetcher/tmp/mpipartition-1.1.0.tar.gz]
[2023-06-13 00:04:54] INFO root fetch - main [MainThread]: End processing [mpipartition]: success
[2023-06-13 00:04:55] INFO root fetch - processPackages [SAMYOL]: Remove: archive file [/home/abi/fetcher/tmp/SAMYOL-1.0.8.tar.gz]
[2023-06-13 00:04:55] INFO root fetch - processPackages [SAMYOL]: Remove: archive file [/home/abi/fetcher/tmp/SAMYOL-1.0.9.tar.gz]
[2023-06-13 00:04:55] INFO root fetch - main [MainThread]: End processing [SAMYOL]: success
[2023-06-13 00:04:55] INFO root fetch - processPackages [gdshoplib]: Remove: archive file [/home/abi/fetcher/tmp/gdshoplib-1.8.0.tar.gz]
[2023-06-13 00:04:55] INFO root fetch - processPackages [gdshoplib]: Remove: archive file [/home/abi/fetcher/tmp/gdshoplib-1.9.0.tar.gz]
[2023-06-13 00:04:55] INFO root fetch - main [MainThread]: End processing [gdshoplib]: success
[2023-06-13 00:04:58] INFO root fetch - processPackages [chiapos]: Remove: archive file [/home/abi/fetcher/tmp/chiapos-1.0.8.tar.gz]
[2023-06-13 00:04:58] INFO root fetch - processPackages [chiapos]: Remove: archive file [/home/abi/fetcher/tmp/chiapos-1.0.9.tar.gz]
[2023-06-13 00:04:58] INFO root fetch - main [MainThread]: End processing [chiapos]: success
[2023-06-13 00:05:51] INFO root fetch - processPackages [ob-metaflow-extensions]: Remove: archive file [/home/abi/fetcher/tmp/ob-metaflow-extensions-1.1.9rc0.tar.gz]
[2023-06-13 00:05:51] INFO root fetch - processPackages [ob-metaflow-extensions]: Remove: archive file [/home/abi/fetcher/tmp/ob-metaflow-extensions-1.1.9rc1.tar.gz]
[2023-06-13 00:05:51] INFO root fetch - main [MainThread]: End processing [ob-metaflow-extensions]: success
[2023-06-13 00:05:51] INFO root fetch - main [MainThread]: Store serial: [18475187]
[2023-06-13 00:10:55] INFO root fetch - main [MainThread]: Get Changelog since Serial: [18475187]
[2023-06-13 00:10:59] INFO root fetch - main [MainThread]: Found 7 changed packages
[2023-06-13 00:10:59] INFO root fetch - processPackages [ThreadPoolExecutor-0_0]: Start processing: server-chat-pyqt-gb
[2023-06-13 00:10:59] INFO root fetch - processPackages [ThreadPoolExecutor-0_1]: Start processing: pyaogmaneo
[2023-06-13 00:10:59] INFO root fetch - processPackages [ThreadPoolExecutor-0_2]: Start processing: mypackagez123g
[2023-06-13 00:10:59] INFO root fetch - processPackages [ThreadPoolExecutor-0_3]: Start processing: msmanager
[2023-06-13 00:10:59] INFO root fetch - processPackages [ThreadPoolExecutor-0_4]: Start processing: client-chat-pyqt-gb
[2023-06-13 00:10:59] INFO root fetch - processPackages [ThreadPoolExecutor-0_5]: Start processing: bigml
[2023-06-13 00:10:59] INFO root fetch - processPackages [ThreadPoolExecutor-0_6]: Start processing: mkdpdf
[2023-06-13 00:10:59] INFO root fetch - processPackages [msmanager]: New version: [0.2.0] Old Version: [0.1.3]
[2023-06-13 00:10:59] WARNING root fetch - processPackages [client-chat-pyqt-gb]: Skipping, unable to determine old version
[2023-06-13 00:10:59] INFO root fetch - processPackages [mypackagez123g]: New version: [1.2.0] Old Version: [1.1.0]
[2023-06-13 00:10:59] INFO root fetch - main [MainThread]: End processing [client-chat-pyqt-gb] error
[2023-06-13 00:10:59] WARNING root fetch - processPackages [server-chat-pyqt-gb]: Skipping, unable to determine old version
[2023-06-13 00:10:59] INFO root fetch - main [MainThread]: End processing [server-chat-pyqt-gb] error
[2023-06-13 00:10:59] INFO root fetch - processPackages [bigml]: New version: [9.3.0] Old Version: [9.2.0]
[2023-06-13 00:10:59] INFO root fetch - processPackages [pyaogmaneo]: New version: [2.0.5] Old Version: [2.0.4]
[2023-06-13 00:10:59] INFO root fetch - processPackages [mypackagez123g]: Downloading https://files.pythonhosted.org/packages/0f/a7/f74e0fd91a20a2f24ca36f842fde6321d9eefcba0d0b66c4bdd285b89b70/mypackagez123g-1.1.0.tar.gz
[2023-06-13 00:10:59] INFO root fetch - processPackages [mkdpdf]: New version: [0.2.4] Old Version: [0.2.3]
[2023-06-13 00:10:59] INFO root fetch - processPackages [msmanager]: Downloading https://files.pythonhosted.org/packages/27/eb/f290f96bc11e21c8461cf6d0c26e18ec2721623065be6b781531a6b67bda/msmanager-0.1.3.tar.gz
[2023-06-13 00:10:59] INFO root fetch - processPackages [bigml]: Downloading https://files.pythonhosted.org/packages/26/b7/b3ba66d9180b4196e803c3d19a4d7f353ee4389bd3b7c64e66fb0a3c51d3/bigml-9.2.0.tar.gz
[2023-06-13 00:10:59] INFO root fetch - processPackages [mypackagez123g]: Downloading https://files.pythonhosted.org/packages/12/7f/1fa0249481e9edc2de88ed1a674e036199d6f33008e00228c4913bb8d91a/mypackagez123g-1.2.0.tar.gz
[2023-06-13 00:11:00] INFO root fetch - processPackages [pyaogmaneo]: Downloading https://files.pythonhosted.org/packages/08/2f/9cdd94355838a36aab0bfed4e557d2c4a8cc0c9f0d24490bca478b386323/pyaogmaneo-2.0.4.tar.gz
[2023-06-13 00:11:00] INFO root fetch - processPackages [mypackagez123g]: executing diffoscope
[2023-06-13 00:11:00] INFO root fetch - processPackages [mypackagez123g]: podman run --user 0:0 --rm -w /home/abi/fetcher -v /home/abi/fetcher/tmp:/home/abi/fetcher/tmp:ro -v /home/abi/fetcher/20230613:/home/abi/fetcher/20230613:rw registry.salsa.debian.org/reproducible-builds/diffoscope --no-progress tmp/mypackagez123g-1.1.0.tar.gz tmp/mypackagez123g-1.2.0.tar.gz --markdown 20230613/m/mypackagez123g/1.1.0-1.2.0/diff.md --exclude *.pyd
[2023-06-13 00:11:00] INFO root fetch - processPackages [mkdpdf]: Downloading https://files.pythonhosted.org/packages/14/95/c883cb28e5b5725dcb30a79b40b4643536592e6a366cf7316968609702dd/mkdpdf-0.2.3.tar.gz
[2023-06-13 00:11:00] WARNING root fetch - processPackages [bigml]: Skipping package: exceeds size limit 25118042>=10485760
[2023-06-13 00:11:00] INFO root fetch - main [MainThread]: End processing [bigml] error
[2023-06-13 00:11:00] INFO root fetch - processPackages [msmanager]: Downloading https://files.pythonhosted.org/packages/4e/3c/9f6a346b4c7fe72fb90e64396729e12dd9b447121bdb703ef082a45d5f2e/msmanager-0.2.0.tar.gz
[2023-06-13 00:11:00] INFO root fetch - processPackages [msmanager]: executing diffoscope
[2023-06-13 00:11:00] INFO root fetch - processPackages [msmanager]: podman run --user 0:0 --rm -w /home/abi/fetcher -v /home/abi/fetcher/tmp:/home/abi/fetcher/tmp:ro -v /home/abi/fetcher/20230613:/home/abi/fetcher/20230613:rw registry.salsa.debian.org/reproducible-builds/diffoscope --no-progress tmp/msmanager-0.1.3.tar.gz tmp/msmanager-0.2.0.tar.gz --markdown 20230613/m/msmanager/0.1.3-0.2.0/diff.md --exclude *.pyd
[2023-06-13 00:11:00] INFO root fetch - processPackages [pyaogmaneo]: Downloading https://files.pythonhosted.org/packages/75/b8/2e2a036819359ea5d924c50cdfbc8ab08bd5b935250fe482e8eb7220147c/pyaogmaneo-2.0.5.tar.gz
[2023-06-13 00:11:00] INFO root fetch - processPackages [mkdpdf]: Downloading https://files.pythonhosted.org/packages/4e/8e/45c76d492fe0804a615ed6859be95e0a6995377f82162fe7b2ecbe4dc716/mkdpdf-0.2.4.tar.gz
[2023-06-13 00:11:00] INFO root fetch - processPackages [pyaogmaneo]: executing diffoscope
[2023-06-13 00:11:00] INFO root fetch - processPackages [pyaogmaneo]: podman run --user 0:0 --rm -w /home/abi/fetcher -v /home/abi/fetcher/tmp:/home/abi/fetcher/tmp:ro -v /home/abi/fetcher/20230613:/home/abi/fetcher/20230613:rw registry.salsa.debian.org/reproducible-builds/diffoscope --no-progress tmp/pyaogmaneo-2.0.4.tar.gz tmp/pyaogmaneo-2.0.5.tar.gz --markdown 20230613/p/pyaogmaneo/2.0.4-2.0.5/diff.md --exclude *.pyd
[2023-06-13 00:11:00] INFO root fetch - processPackages [mkdpdf]: executing diffoscope
[2023-06-13 00:11:00] INFO root fetch - processPackages [mkdpdf]: podman run --user 0:0 --rm -w /home/abi/fetcher -v /home/abi/fetcher/tmp:/home/abi/fetcher/tmp:ro -v /home/abi/fetcher/20230613:/home/abi/fetcher/20230613:rw registry.salsa.debian.org/reproducible-builds/diffoscope --no-progress tmp/mkdpdf-0.2.3.tar.gz tmp/mkdpdf-0.2.4.tar.gz --markdown 20230613/m/mkdpdf/0.2.3-0.2.4/diff.md --exclude *.pyd
[2023-06-13 00:11:01] INFO root fetch - processPackages [mypackagez123g]: Remove: archive file [/home/abi/fetcher/tmp/mypackagez123g-1.1.0.tar.gz]
[2023-06-13 00:11:01] INFO root fetch - processPackages [mypackagez123g]: Remove: archive file [/home/abi/fetcher/tmp/mypackagez123g-1.2.0.tar.gz]
[2023-06-13 00:11:01] INFO root fetch - main [MainThread]: End processing [mypackagez123g]: success
[2023-06-13 00:11:01] INFO root fetch - processPackages [msmanager]: Remove: archive file [/home/abi/fetcher/tmp/msmanager-0.1.3.tar.gz]
[2023-06-13 00:11:01] INFO root fetch - processPackages [msmanager]: Remove: archive file [/home/abi/fetcher/tmp/msmanager-0.2.0.tar.gz]
[2023-06-13 00:11:01] INFO root fetch - main [MainThread]: End processing [msmanager]: success
[2023-06-13 00:11:01] INFO root fetch - processPackages [pyaogmaneo]: Remove: archive file [/home/abi/fetcher/tmp/pyaogmaneo-2.0.4.tar.gz]
[2023-06-13 00:11:01] INFO root fetch - processPackages [pyaogmaneo]: Remove: archive file [/home/abi/fetcher/tmp/pyaogmaneo-2.0.5.tar.gz]
[2023-06-13 00:11:01] INFO root fetch - main [MainThread]: End processing [pyaogmaneo]: success
[2023-06-13 00:11:02] INFO root fetch - processPackages [mkdpdf]: Remove: archive file [/home/abi/fetcher/tmp/mkdpdf-0.2.3.tar.gz]
[2023-06-13 00:11:02] INFO root fetch - processPackages [mkdpdf]: Remove: archive file [/home/abi/fetcher/tmp/mkdpdf-0.2.4.tar.gz]
[2023-06-13 00:11:02] INFO root fetch - main [MainThread]: End processing [mkdpdf]: success
[2023-06-13 00:11:02] INFO root fetch - main [MainThread]: Store serial: [18475214]
